<?xml version="1.0" encoding="UTF-8" ?>
<testsuites>
  <testsuite errors="1" failures="0" hostname="dbourdette-imac.poleradio.ad.groupertl.net" id="0" name="DocumentRESTTests" package="com.github.funreco" tests="5" time="0.274" timestamp="2012-10-15T15:45:45">
      <properties />

      <testcase classname="com.github.funreco.DocumentRESTTests" name="testShow" time="0.22" />

      <testcase classname="com.github.funreco.DocumentRESTTests" name="testShowWithId" time="0.014" />

      <testcase classname="com.github.funreco.DocumentRESTTests" name="testSave" time="0.013">
          <error message="Could not find matching constructor for: fun.reco.Document(java.lang.String)" type="groovy.lang.GroovyRuntimeException">groovy.lang.GroovyRuntimeException: Could not find matching constructor for: fun.reco.Document(java.lang.String)
	at com.github.funreco.DocumentController$$ENlvfVBI.save(DocumentController.groovy:20)
	at com.github.funreco.DocumentRESTTests.testSave(DocumentRESTTests.groovy:42)
</error>

      </testcase>

      <testcase classname="com.github.funreco.DocumentRESTTests" name="testUpdate" time="0.012" />

      <testcase classname="com.github.funreco.DocumentRESTTests" name="testDelete" time="0.012" />

      <system-out><![CDATA[--Output from testShow--
--Output from testShowWithId--
--Output from testSave--
[format:json, document:{"title" : "test title"}]
--Output from testUpdate--
--Output from testDelete--
]]></system-out>

      <system-err><![CDATA[--Output from testShow--
--Output from testShowWithId--
--Output from testSave--
--Output from testUpdate--
--Output from testDelete--
]]></system-err>

  </testsuite>
</testsuites>
